<?xml version="1.0" encoding="UTF-8"?>
<!-- Generated by org.testng.reporters.JUnitXMLReporter -->
<testsuite hostname="Dell" ignored="0" name="Test" tests="3" failures="0" timestamp="30 Jan 2021 22:19:56 GMT" time="22.657" errors="0">
  <testcase name="loginApp" time="7.14" classname="com.testcase.LoginDemoApp"/>
  <testcase name="loginAppAgain" time="0.01" classname="com.testcase.LoginDemoApp"/>
  <testcase name="Demo" time="0.006" classname="com.testcase.LoginDemoApp"/>
</testsuite> <!-- Test -->
