<?xml version="1.0" encoding="UTF-8"?>
<testng-results skipped="0" failed="0" ignored="0" total="3" passed="3">
  <reporter-output>
  </reporter-output>
  <suite name="Suite" duration-ms="32756" started-at="2021-02-13T00:42:07Z" finished-at="2021-02-13T00:42:40Z">
    <groups>
    </groups>
    <test name="Test" duration-ms="32756" started-at="2021-02-13T00:42:07Z" finished-at="2021-02-13T00:42:40Z">
      <class name="com.testcase.LoginDemoApp">
        <test-method status="PASS" signature="startSuite()[pri:0, instance:com.testcase.LoginDemoApp@5cc7c2a6]" name="startSuite" is-config="true" duration-ms="644" started-at="2021-02-13T06:12:06Z" finished-at="2021-02-13T06:12:07Z">
          <reporter-output>
          </reporter-output>
        </test-method> <!-- startSuite -->
        <test-method status="PASS" signature="setup(java.lang.String, java.lang.String)[pri:0, instance:com.testcase.LoginDemoApp@5cc7c2a6]" name="setup" is-config="true" duration-ms="12492" started-at="2021-02-13T06:12:07Z" finished-at="2021-02-13T06:12:20Z">
          <params>
            <param index="0">
              <value>
                <![CDATA[chrome]]>
              </value>
            </param>
            <param index="1">
              <value>
                <![CDATA[https://s2.demo.opensourcecms.com/orangehrm/symfony/web/index.php/auth/login]]>
              </value>
            </param>
          </params>
          <reporter-output>
          </reporter-output>
        </test-method> <!-- setup -->
        <test-method status="PASS" signature="loginApp()[pri:0, instance:com.testcase.LoginDemoApp@5cc7c2a6]" name="loginApp" duration-ms="13104" started-at="2021-02-13T06:12:20Z" finished-at="2021-02-13T06:12:33Z">
          <reporter-output>
          </reporter-output>
        </test-method> <!-- loginApp -->
        <test-method status="PASS" signature="captureScreen(org.testng.ITestResult)[pri:0, instance:com.testcase.LoginDemoApp@5cc7c2a6]" name="captureScreen" is-config="true" duration-ms="3008" started-at="2021-02-13T06:12:33Z" finished-at="2021-02-13T06:12:36Z">
          <params>
            <param index="0">
              <value>
                <![CDATA[[TestResult name=loginApp status=SUCCESS method=LoginDemoApp.loginApp()[pri:0, instance:com.testcase.LoginDemoApp@5cc7c2a6] output={null}]]]>
              </value>
            </param>
          </params>
          <reporter-output>
          </reporter-output>
        </test-method> <!-- captureScreen -->
        <test-method status="PASS" signature="loginAppAgain()[pri:1, instance:com.testcase.LoginDemoApp@5cc7c2a6]" name="loginAppAgain" duration-ms="1" started-at="2021-02-13T06:12:36Z" finished-at="2021-02-13T06:12:36Z">
          <reporter-output>
          </reporter-output>
        </test-method> <!-- loginAppAgain -->
        <test-method status="PASS" signature="captureScreen(org.testng.ITestResult)[pri:0, instance:com.testcase.LoginDemoApp@5cc7c2a6]" name="captureScreen" is-config="true" duration-ms="681" started-at="2021-02-13T06:12:36Z" finished-at="2021-02-13T06:12:36Z">
          <params>
            <param index="0">
              <value>
                <![CDATA[[TestResult name=loginAppAgain status=SUCCESS method=LoginDemoApp.loginAppAgain()[pri:1, instance:com.testcase.LoginDemoApp@5cc7c2a6] output={null}]]]>
              </value>
            </param>
          </params>
          <reporter-output>
          </reporter-output>
        </test-method> <!-- captureScreen -->
        <test-method status="PASS" signature="Demo()[pri:2, instance:com.testcase.LoginDemoApp@5cc7c2a6]" name="Demo" duration-ms="3" started-at="2021-02-13T06:12:36Z" finished-at="2021-02-13T06:12:36Z">
          <reporter-output>
          </reporter-output>
        </test-method> <!-- Demo -->
        <test-method status="PASS" signature="captureScreen(org.testng.ITestResult)[pri:0, instance:com.testcase.LoginDemoApp@5cc7c2a6]" name="captureScreen" is-config="true" duration-ms="674" started-at="2021-02-13T06:12:36Z" finished-at="2021-02-13T06:12:37Z">
          <params>
            <param index="0">
              <value>
                <![CDATA[[TestResult name=Demo status=SUCCESS method=LoginDemoApp.Demo()[pri:2, instance:com.testcase.LoginDemoApp@5cc7c2a6] output={null}]]]>
              </value>
            </param>
          </params>
          <reporter-output>
          </reporter-output>
        </test-method> <!-- captureScreen -->
        <test-method status="PASS" signature="teardown()[pri:0, instance:com.testcase.LoginDemoApp@5cc7c2a6]" name="teardown" is-config="true" duration-ms="2741" started-at="2021-02-13T06:12:37Z" finished-at="2021-02-13T06:12:40Z">
          <reporter-output>
          </reporter-output>
        </test-method> <!-- teardown -->
      </class> <!-- com.testcase.LoginDemoApp -->
    </test> <!-- Test -->
  </suite> <!-- Suite -->
</testng-results>
