<?xml version="1.0" encoding="UTF-8"?>
<testsuite xmlns:xsi="http://www.w3.org/2001/XMLSchema-instance" xsi:noNamespaceSchemaLocation="https://maven.apache.org/surefire/maven-surefire-plugin/xsd/surefire-test-report-3.0.xsd" version="3.0" name="TestSuite" time="95.512" tests="3" errors="0" skipped="0" failures="0">
  <properties>
[...]
</properties>
  <testcase name="loginApp" classname="com.testcase.LoginDemoApp" time="19.322">
    <system-out><![CDATA[Report staritng 
 Test case started loginApp
 Test case Success loginApp
]]></system-out>
    <system-err><![CDATA[Starting ChromeDriver 87.0.4280.88 (89e2380a3e36c3464b5dd1302349b1382549290d-refs/branch-heads/4280@{#1761}) on port 6966
Only local connections are allowed.
Please see https://chromedriver.chromium.org/security-considerations for suggestions on keeping ChromeDriver safe.
ChromeDriver was started successfully.
]]></system-err>
  </testcase>
  <testcase name="loginAppAgain" classname="com.testcase.LoginDemoApp" time="0.004">
    <system-out><![CDATA[ Test case started loginAppAgain
 Test case Success loginAppAgain
]]></system-out>
  </testcase>
  <testcase name="Demo" classname="com.testcase.LoginDemoApp" time="0.023">
    <system-out><![CDATA[ Test case started Demo
 Test case Success Demo
]]></system-out>
  </testcase>
</testsuite>