<?xml version="1.0" encoding="UTF-8"?>
<!-- Generated by org.testng.reporters.JUnitXMLReporter -->
<testsuite hostname="Dell" ignored="0" name="Test" tests="3" failures="0" timestamp="11 Feb 2021 23:24:44 GMT" time="0.141" errors="0">
  <testcase name="@BeforeSuite startSuite" time="0.0" classname="com.pages.BaseClass">
    <failure type="java.io.FileNotFoundException" message="C:\Users\User\eclipse-workspace2\BasicFMM\src\test\java\com\config\config.properties (The system cannot find the path specified)">
      <![CDATA[java.io.FileNotFoundException: C:\Users\User\eclipse-workspace2\BasicFMM\src\test\java\com\config\config.properties (The system cannot find the path specified)
	at java.io.FileInputStream.open0(Native Method)
	at java.io.FileInputStream.open(FileInputStream.java:195)
	at java.io.FileInputStream.<init>(FileInputStream.java:138)
	at com.utility.ConfigFileReader.<init>(ConfigFileReader.java:18)
	at com.pages.BaseClass.startSuite(BaseClass.java:34)
... Removed 23 stack frames]]>
    </failure>
  </testcase> <!-- @BeforeSuite startSuite -->
  <testcase name="@BeforeClass setup" time="0.0" classname="com.pages.BaseClass">
    <skipped/>
  </testcase> <!-- @BeforeClass setup -->
  <testcase name="@AfterMethod captureScreen" time="0.0" classname="com.pages.BaseClass">
    <skipped/>
  </testcase> <!-- @AfterMethod captureScreen -->
  <testcase name="@AfterMethod captureScreen" time="0.0" classname="com.pages.BaseClass">
    <skipped/>
  </testcase> <!-- @AfterMethod captureScreen -->
  <testcase name="@AfterMethod captureScreen" time="0.0" classname="com.pages.BaseClass">
    <skipped/>
  </testcase> <!-- @AfterMethod captureScreen -->
  <testcase name="@AfterClass teardown" time="0.0" classname="com.pages.BaseClass">
    <skipped/>
  </testcase> <!-- @AfterClass teardown -->
  <testcase name="loginApp" time="0.001" classname="com.testcase.LoginDemoApp">
    <skipped/>
  </testcase> <!-- loginApp -->
  <testcase name="loginAppAgain" time="0.0" classname="com.testcase.LoginDemoApp">
    <skipped/>
  </testcase> <!-- loginAppAgain -->
  <testcase name="Demo" time="0.0" classname="com.testcase.LoginDemoApp">
    <skipped/>
  </testcase> <!-- Demo -->
</testsuite> <!-- Test -->
