<?xml version="1.0" encoding="UTF-8"?>
<!-- Generated by org.testng.reporters.JUnitXMLReporter -->
<testsuite hostname="Dell" ignored="0" name="Test" tests="3" failures="0" timestamp="06 Feb 2021 12:37:12 GMT" time="91.253" errors="0">
  <testcase name="loginApp" time="19.36" classname="com.testcase.LoginDemoApp"/>
  <testcase name="loginAppAgain" time="0.002" classname="com.testcase.LoginDemoApp"/>
  <testcase name="Demo" time="0.047" classname="com.testcase.LoginDemoApp"/>
</testsuite> <!-- Test -->
